La génération a démarré 25/10/2013 17:07:50.
     1>Projet "C:\Users\Clément\Documents\GitHub\monochromateur\Monochromateur\Monochromateur\Monochromateur.vcxproj" sur le nœud 2 (Build cible(s)).
     1>CustomBuild:
         Moc'ing monochromateur.h...
         Uic'ing monochromateur.ui...
         Rcc'ing monochromateur.qrc...
     1>RCC : warning : No resources in 'C:\Users\Cl├®ment\Documents\GitHub\monochromateur\Monochromateur\Monochromateur\monochromateur.qrc'.
         
       ClCompile:
         C:\Program Files (x86)\Microsoft Visual Studio 11.0\VC\bin\CL.exe /c /I.\GeneratedFiles /I. /ID:\Qt\Qt5.1.1\5.1.1\msvc2012\include /I.\GeneratedFiles\Debug /ID:\Qt\Qt5.1.1\5.1.1\msvc2012\include\QtCore /ID:\Qt\Qt5.1.1\5.1.1\msvc2012\include\QtGui /ID:\Qt\Qt5.1.1\5.1.1\msvc2012\include\QtOpenGL /ID:\Qt\Qt5.1.1\5.1.1\msvc2012\include\QtWidgets /Zi /nologo /W1 /WX- /Od /Oy- /D UNICODE /D WIN32 /D WIN64 /D QT_DLL /D QT_CORE_LIB /D QT_GUI_LIB /D QT_OPENGL_LIB /D QT_WIDGETS_LIB /Gm- /EHsc /MDd /GS /fp:precise /Zc:wchar_t- /Zc:forScope /Fo"Debug\\" /Fd"Debug\vc110.pdb" /Gd /TP /analyze- /errorReport:prompt GeneratedFiles\Debug\moc_monochromateur.cpp main.cpp monochromateur.cpp
         moc_monochromateur.cpp
         main.cpp
         monochromateur.cpp
         Génération de code en cours...
         C:\Program Files (x86)\Microsoft Visual Studio 11.0\VC\bin\CL.exe /c /I.\GeneratedFiles /I. /ID:\Qt\Qt5.1.1\5.1.1\msvc2012\include /I.\GeneratedFiles\Debug /ID:\Qt\Qt5.1.1\5.1.1\msvc2012\include\QtCore /ID:\Qt\Qt5.1.1\5.1.1\msvc2012\include\QtGui /ID:\Qt\Qt5.1.1\5.1.1\msvc2012\include\QtOpenGL /ID:\Qt\Qt5.1.1\5.1.1\msvc2012\include\QtWidgets /Zi /nologo /W1 /WX- /Od /Oy- /D UNICODE /D WIN32 /D WIN64 /D QT_DLL /D QT_CORE_LIB /D QT_GUI_LIB /D QT_OPENGL_LIB /D QT_WIDGETS_LIB /Gm- /EHsc /MDd /GS /fp:precise /Zc:wchar_t- /Zc:forScope /Fo"Debug\\" /Fd"Debug\vc110.pdb" /Gd /TP /analyze- /errorReport:prompt GeneratedFiles\qrc_monochromateur.cpp
         qrc_monochromateur.cpp
       ResourceCompile:
         C:\Program Files (x86)\Windows Kits\8.0\bin\x86\rc.exe /l"0x0409" /nologo /fo"Debug\Monochromateur.res" Monochromateur.rc 
       Link:
         C:\Program Files (x86)\Microsoft Visual Studio 11.0\VC\bin\link.exe /ERRORREPORT:PROMPT /OUT:"C:\Users\Clément\Documents\GitHub\monochromateur\Monochromateur\Win32\Debug\\Monochromateur.exe" /NOLOGO /LIBPATH:D:\Qt\Qt5.1.1\5.1.1\msvc2012\lib qtmaind.lib Qt5Cored.lib Qt5Guid.lib Qt5OpenGLd.lib opengl32.lib glu32.lib Qt5Widgetsd.lib kernel32.lib user32.lib gdi32.lib winspool.lib comdlg32.lib advapi32.lib shell32.lib ole32.lib oleaut32.lib uuid.lib odbc32.lib odbccp32.lib /MANIFEST /MANIFESTUAC:"level='asInvoker' uiAccess='false'" /manifest:embed /DEBUG /PDB:"C:\Users\Clément\Documents\GitHub\monochromateur\Monochromateur\Win32\Debug\Monochromateur.pdb" /SUBSYSTEM:WINDOWS /TLBID:1 /DYNAMICBASE /NXCOMPAT /IMPLIB:"C:\Users\Clément\Documents\GitHub\monochromateur\Monochromateur\Win32\Debug\Monochromateur.lib" /MACHINE:X86 /SAFESEH Debug\Monochromateur.res
         Debug\moc_monochromateur.obj
         Debug\qrc_monochromateur.obj
         Debug\main.obj
         Debug\monochromateur.obj
         Monochromateur.vcxproj -> C:\Users\Clément\Documents\GitHub\monochromateur\Monochromateur\Win32\Debug\Monochromateur.exe
     1>Génération du projet "C:\Users\Clément\Documents\GitHub\monochromateur\Monochromateur\Monochromateur\Monochromateur.vcxproj" terminée (Build cible(s)).

La génération a réussi.

Temps écoulé 00:00:10.48
